<?xml version="1.0" encoding="UTF-8"?>
<robot generator="Robot 6.0.2 (Python 3.11.2 on win32)" generated="20230330 18:33:12.150" rpa="false" schemaversion="3">
<suite id="s1" name="Login Tests" source="C:\Users\KissBalázs\Desktop\robot\mediamarkt_test\testcases\login_tests.robot">
<test id="s1-t1" name="Login to Medimarkt webshop" line="10">
<kw name="Common Test Setup" library="base_test" type="SETUP">
<kw name="Open Browser" library="SeleniumLibrary">
<arg>${BASE_URL}</arg>
<arg>${BROWSER}</arg>
<arg>options=add_experimental_option("excludeSwitches", ["enable-logging"])</arg>
<doc>Opens a new browser instance to the optional ``url``.</doc>
<msg timestamp="20230330 18:33:12.307" level="INFO">Opening browser 'chrome' to base url 'https://www.mediamarkt.hu/'.</msg>
<status status="PASS" starttime="20230330 18:33:12.307" endtime="20230330 18:33:14.999"/>
</kw>
<status status="PASS" starttime="20230330 18:33:12.307" endtime="20230330 18:33:14.999"/>
</kw>
<kw name="Click Element" library="SeleniumLibrary">
<arg>${ACCEPT_COOKIE_BUTTON}</arg>
<doc>Click the element identified by ``locator``.</doc>
<msg timestamp="20230330 18:33:15.000" level="INFO">Clicking element '//*[@id="cookie-info-layer"]/div[1]/div/div[2]/a'.</msg>
<status status="PASS" starttime="20230330 18:33:15.000" endtime="20230330 18:33:15.160"/>
</kw>
<kw name="Go To Login Page" library="common">
<kw name="Go To" library="SeleniumLibrary">
<arg>${LOGIN_URL}</arg>
<doc>Navigates the current browser window to the provided ``url``.</doc>
<msg timestamp="20230330 18:33:15.162" level="INFO">Opening url 'https://www.mediamarkt.hu/webapp/wcs/stores/servlet/LogonForm'</msg>
<status status="PASS" starttime="20230330 18:33:15.161" endtime="20230330 18:33:16.501"/>
</kw>
<status status="PASS" starttime="20230330 18:33:15.161" endtime="20230330 18:33:16.502"/>
</kw>
<kw name="Login With Credentials" library="login_keywords">
<arg>${USERNAME}</arg>
<arg>${PASSWORD}</arg>
<kw name="Input Text" library="SeleniumLibrary">
<arg>${EMAIL_INPUT}</arg>
<arg>${username}</arg>
<doc>Types the given ``text`` into the text field identified by ``locator``.</doc>
<msg timestamp="20230330 18:33:16.503" level="INFO">Typing text 'avemee7777@gmail.com' into text field 'id:login-email'.</msg>
<status status="PASS" starttime="20230330 18:33:16.502" endtime="20230330 18:33:16.580"/>
</kw>
<kw name="Input Text" library="SeleniumLibrary">
<arg>${PASSWORD_INPUT}</arg>
<arg>${password}</arg>
<doc>Types the given ``text`` into the text field identified by ``locator``.</doc>
<msg timestamp="20230330 18:33:16.580" level="INFO">Typing text 'mosoly77' into text field 'id:login-password'.</msg>
<status status="PASS" starttime="20230330 18:33:16.580" endtime="20230330 18:33:16.664"/>
</kw>
<kw name="Click Button" library="SeleniumLibrary">
<arg>id:my-account-action-login</arg>
<doc>Clicks the button identified by ``locator``.</doc>
<msg timestamp="20230330 18:33:16.664" level="INFO">Clicking button 'id:my-account-action-login'.</msg>
<status status="PASS" starttime="20230330 18:33:16.664" endtime="20230330 18:33:16.772"/>
</kw>
<status status="PASS" starttime="20230330 18:33:16.502" endtime="20230330 18:33:16.772"/>
</kw>
<kw name="Verify Successful Login" library="login_keywords">
<kw name="Click Element" library="SeleniumLibrary">
<arg>${MY_PROFILE_BUTTON}</arg>
<doc>Click the element identified by ``locator``.</doc>
<msg timestamp="20230330 18:33:16.774" level="INFO">Clicking element '//button[@data-identifier='MyProfile-button']'.</msg>
<status status="PASS" starttime="20230330 18:33:16.773" endtime="20230330 18:33:17.841"/>
</kw>
<kw name="Wait Until Page Contains" library="SeleniumLibrary">
<arg>${REGISTERED_NAME}</arg>
<doc>Waits until ``text`` appears on the current page.</doc>
<status status="PASS" starttime="20230330 18:33:17.841" endtime="20230330 18:33:17.856"/>
</kw>
<status status="PASS" starttime="20230330 18:33:16.773" endtime="20230330 18:33:17.856"/>
</kw>
<kw name="Save Cookies" library="common">
<kw name="Get Cookies" library="SeleniumLibrary">
<var>${all_cookies}</var>
<arg>as_dict=${True}</arg>
<doc>Returns all cookies of the current page.</doc>
<msg timestamp="20230330 18:33:17.861" level="INFO">${all_cookies} = {'MC_SSO_TOKEN': 'pdK3lFBIuj%252BwTLqVpdn5fxpTwhTgBzw4kPayCZ6b2aELB5JCOGuM8zjXLfhfT1xPye63HcJrYfQ9bOaMtNYBN81d028IxoMMph5a%252Bvw0HGw%253D', '_clsk': '19bgsbq|1680193997017|1|1|e.clarity.ms/collect', ...</msg>
<status status="PASS" starttime="20230330 18:33:17.856" endtime="20230330 18:33:17.861"/>
</kw>
<kw name="Set Suite Variable" library="BuiltIn">
<arg>${SAVED_COOKIES}</arg>
<arg>${all_cookies}</arg>
<doc>Makes a variable available everywhere within the scope of the current suite.</doc>
<msg timestamp="20230330 18:33:17.862" level="INFO">${SAVED_COOKIES} = {'MC_SSO_TOKEN': 'pdK3lFBIuj%252BwTLqVpdn5fxpTwhTgBzw4kPayCZ6b2aELB5JCOGuM8zjXLfhfT1xPye63HcJrYfQ9bOaMtNYBN81d028IxoMMph5a%252Bvw0HGw%253D', '_clsk': '19bgsbq|1680193997017|1|1|e.clarity.ms/collect', ...</msg>
<status status="PASS" starttime="20230330 18:33:17.861" endtime="20230330 18:33:17.862"/>
</kw>
<status status="PASS" starttime="20230330 18:33:17.856" endtime="20230330 18:33:17.862"/>
</kw>
<kw name="Common Test Teardown" library="base_test" type="TEARDOWN">
<kw name="Close All Browsers" library="SeleniumLibrary">
<doc>Closes all open browsers and resets the browser cache.</doc>
<status status="PASS" starttime="20230330 18:33:17.862" endtime="20230330 18:33:24.081"/>
</kw>
<status status="PASS" starttime="20230330 18:33:17.862" endtime="20230330 18:33:24.081"/>
</kw>
<doc>Tests the login functionality.</doc>
<tag>functional_test</tag>
<tag>high_priority</tag>
<status status="PASS" starttime="20230330 18:33:12.306" endtime="20230330 18:33:24.083"/>
</test>
<test id="s1-t2" name="Go to user settings" line="19">
<kw name="Common Test Setup" library="base_test" type="SETUP">
<kw name="Open Browser" library="SeleniumLibrary">
<arg>${BASE_URL}</arg>
<arg>${BROWSER}</arg>
<arg>options=add_experimental_option("excludeSwitches", ["enable-logging"])</arg>
<doc>Opens a new browser instance to the optional ``url``.</doc>
<msg timestamp="20230330 18:33:24.088" level="INFO">Opening browser 'chrome' to base url 'https://www.mediamarkt.hu/'.</msg>
<status status="PASS" starttime="20230330 18:33:24.087" endtime="20230330 18:33:27.434"/>
</kw>
<status status="PASS" starttime="20230330 18:33:24.087" endtime="20230330 18:33:27.434"/>
</kw>
<kw name="Setup With Saved Cookies" library="common">
<kw name="Click Element" library="SeleniumLibrary">
<arg>${ACCEPT_COOKIE_BUTTON}</arg>
<doc>Click the element identified by ``locator``.</doc>
<msg timestamp="20230330 18:33:27.435" level="INFO">Clicking element '//*[@id="cookie-info-layer"]/div[1]/div/div[2]/a'.</msg>
<status status="PASS" starttime="20230330 18:33:27.435" endtime="20230330 18:33:27.529"/>
</kw>
<kw name="Delete All Cookies" library="SeleniumLibrary">
<doc>Deletes all cookies.</doc>
<status status="PASS" starttime="20230330 18:33:27.529" endtime="20230330 18:33:27.693"/>
</kw>
<for flavor="IN">
<var>${cookie_name}</var>
<value>@{SAVED_COOKIES.keys()}</value>
<iter>
<var name="${cookie_name}">MC_SSO_TOKEN</var>
<kw name="Get From Dictionary" library="Collections">
<var>${cookie_value}</var>
<arg>${SAVED_COOKIES}</arg>
<arg>${cookie_name}</arg>
<doc>Returns a value from the given ``dictionary`` based on the given ``key``.</doc>
<msg timestamp="20230330 18:33:27.694" level="INFO">${cookie_value} = pdK3lFBIuj%252BwTLqVpdn5fxpTwhTgBzw4kPayCZ6b2aELB5JCOGuM8zjXLfhfT1xPye63HcJrYfQ9bOaMtNYBN81d028IxoMMph5a%252Bvw0HGw%253D</msg>
<status status="PASS" starttime="20230330 18:33:27.694" endtime="20230330 18:33:27.694"/>
</kw>
<kw name="Add Cookie" library="SeleniumLibrary">
<arg>${cookie_name}</arg>
<arg>${cookie_value}</arg>
<doc>Adds a cookie to your current session.</doc>
<status status="PASS" starttime="20230330 18:33:27.694" endtime="20230330 18:33:27.703"/>
</kw>
<status status="PASS" starttime="20230330 18:33:27.694" endtime="20230330 18:33:27.703"/>
</iter>
<iter>
<var name="${cookie_name}">_clsk</var>
<kw name="Get From Dictionary" library="Collections">
<var>${cookie_value}</var>
<arg>${SAVED_COOKIES}</arg>
<arg>${cookie_name}</arg>
<doc>Returns a value from the given ``dictionary`` based on the given ``key``.</doc>
<msg timestamp="20230330 18:33:27.703" level="INFO">${cookie_value} = 19bgsbq|1680193997017|1|1|e.clarity.ms/collect</msg>
<status status="PASS" starttime="20230330 18:33:27.703" endtime="20230330 18:33:27.703"/>
</kw>
<kw name="Add Cookie" library="SeleniumLibrary">
<arg>${cookie_name}</arg>
<arg>${cookie_value}</arg>
<doc>Adds a cookie to your current session.</doc>
<status status="PASS" starttime="20230330 18:33:27.703" endtime="20230330 18:33:27.706"/>
</kw>
<status status="PASS" starttime="20230330 18:33:27.703" endtime="20230330 18:33:27.706"/>
</iter>
<iter>
<var name="${cookie_name}">TS01c09a37030</var>
<kw name="Get From Dictionary" library="Collections">
<var>${cookie_value}</var>
<arg>${SAVED_COOKIES}</arg>
<arg>${cookie_name}</arg>
<doc>Returns a value from the given ``dictionary`` based on the given ``key``.</doc>
<msg timestamp="20230330 18:33:27.706" level="INFO">${cookie_value} = 0150c1676ccce61bfe9c971b3340c9adef616b697c27478cb633fe7142e92e5c9f970bd3ee4b74f4a0dd58100d7476d758629134d1</msg>
<status status="PASS" starttime="20230330 18:33:27.706" endtime="20230330 18:33:27.706"/>
</kw>
<kw name="Add Cookie" library="SeleniumLibrary">
<arg>${cookie_name}</arg>
<arg>${cookie_value}</arg>
<doc>Adds a cookie to your current session.</doc>
<status status="PASS" starttime="20230330 18:33:27.706" endtime="20230330 18:33:27.709"/>
</kw>
<status status="PASS" starttime="20230330 18:33:27.706" endtime="20230330 18:33:27.709"/>
</iter>
<iter>
<var name="${cookie_name}">WC_AUTHENTICATION_1882778734</var>
<kw name="Get From Dictionary" library="Collections">
<var>${cookie_value}</var>
<arg>${SAVED_COOKIES}</arg>
<arg>${cookie_name}</arg>
<doc>Returns a value from the given ``dictionary`` based on the given ``key``.</doc>
<msg timestamp="20230330 18:33:27.709" level="INFO">${cookie_value} = 1882778734%2CAdfBmX7kQ7JKbZQ4Vpj%2BthZTaI4%3D</msg>
<status status="PASS" starttime="20230330 18:33:27.709" endtime="20230330 18:33:27.709"/>
</kw>
<kw name="Add Cookie" library="SeleniumLibrary">
<arg>${cookie_name}</arg>
<arg>${cookie_value}</arg>
<doc>Adds a cookie to your current session.</doc>
<status status="PASS" starttime="20230330 18:33:27.709" endtime="20230330 18:33:27.713"/>
</kw>
<status status="PASS" starttime="20230330 18:33:27.709" endtime="20230330 18:33:27.713"/>
</iter>
<iter>
<var name="${cookie_name}">WC_PERSISTENT</var>
<kw name="Get From Dictionary" library="Collections">
<var>${cookie_value}</var>
<arg>${SAVED_COOKIES}</arg>
<arg>${cookie_name}</arg>
<doc>Returns a value from the given ``dictionary`` based on the given ``key``.</doc>
<msg timestamp="20230330 18:33:27.713" level="INFO">${cookie_value} = NLHzQJn7X7723P3ItVOC5hoQFfU%3D%0A%3B2023-03-30+18%3A33%3A16.468_1680092592369-100977_19801_1882778734%2C-19%2CHUF%2CEp3Awc0b7YTVrRq%2F8O3%2BvBhudkMAW9a7P7GcUUOgBZFSvads2bpnlCCau8u2GbIgDCluIHhNwdVaXzhk...</msg>
<status status="PASS" starttime="20230330 18:33:27.713" endtime="20230330 18:33:27.713"/>
</kw>
<kw name="Add Cookie" library="SeleniumLibrary">
<arg>${cookie_name}</arg>
<arg>${cookie_value}</arg>
<doc>Adds a cookie to your current session.</doc>
<status status="PASS" starttime="20230330 18:33:27.714" endtime="20230330 18:33:27.718"/>
</kw>
<status status="PASS" starttime="20230330 18:33:27.713" endtime="20230330 18:33:27.718"/>
</iter>
<iter>
<var name="${cookie_name}">_fbp</var>
<kw name="Get From Dictionary" library="Collections">
<var>${cookie_value}</var>
<arg>${SAVED_COOKIES}</arg>
<arg>${cookie_name}</arg>
<doc>Returns a value from the given ``dictionary`` based on the given ``key``.</doc>
<msg timestamp="20230330 18:33:27.718" level="INFO">${cookie_value} = fb.1.1680193996644.102656674</msg>
<status status="PASS" starttime="20230330 18:33:27.718" endtime="20230330 18:33:27.718"/>
</kw>
<kw name="Add Cookie" library="SeleniumLibrary">
<arg>${cookie_name}</arg>
<arg>${cookie_value}</arg>
<doc>Adds a cookie to your current session.</doc>
<status status="PASS" starttime="20230330 18:33:27.718" endtime="20230330 18:33:27.721"/>
</kw>
<status status="PASS" starttime="20230330 18:33:27.718" endtime="20230330 18:33:27.721"/>
</iter>
<iter>
<var name="${cookie_name}">WC_USERACTIVITY_1882778734</var>
<kw name="Get From Dictionary" library="Collections">
<var>${cookie_value}</var>
<arg>${SAVED_COOKIES}</arg>
<arg>${cookie_name}</arg>
<doc>Returns a value from the given ``dictionary`` based on the given ``key``.</doc>
<msg timestamp="20230330 18:33:27.721" level="INFO">${cookie_value} = 1882778734%2C19801%2C0%2Cnull%2C1680193996473%2C1680197596473%2Cnull%2Cnull%2Cnull%2Cnull%2CYukli%2BEBuUW%2Foj4C%2Fj3HN%2BEnoWr62ZhCJpzhyoX5u8jwXxp82po7eMKPxVx9bOdnrje6MvS25AEirQ0zxNwc3dKek%2BAdtnw%2F...</msg>
<status status="PASS" starttime="20230330 18:33:27.721" endtime="20230330 18:33:27.721"/>
</kw>
<kw name="Add Cookie" library="SeleniumLibrary">
<arg>${cookie_name}</arg>
<arg>${cookie_value}</arg>
<doc>Adds a cookie to your current session.</doc>
<status status="PASS" starttime="20230330 18:33:27.721" endtime="20230330 18:33:27.723"/>
</kw>
<status status="PASS" starttime="20230330 18:33:27.721" endtime="20230330 18:33:27.723"/>
</iter>
<iter>
<var name="${cookie_name}">_clck</var>
<kw name="Get From Dictionary" library="Collections">
<var>${cookie_value}</var>
<arg>${SAVED_COOKIES}</arg>
<arg>${cookie_name}</arg>
<doc>Returns a value from the given ``dictionary`` based on the given ``key``.</doc>
<msg timestamp="20230330 18:33:27.724" level="INFO">${cookie_value} = 1w6s3e2|1|fac|0</msg>
<status status="PASS" starttime="20230330 18:33:27.723" endtime="20230330 18:33:27.724"/>
</kw>
<kw name="Add Cookie" library="SeleniumLibrary">
<arg>${cookie_name}</arg>
<arg>${cookie_value}</arg>
<doc>Adds a cookie to your current session.</doc>
<status status="PASS" starttime="20230330 18:33:27.724" endtime="20230330 18:33:27.726"/>
</kw>
<status status="PASS" starttime="20230330 18:33:27.723" endtime="20230330 18:33:27.726"/>
</iter>
<iter>
<var name="${cookie_name}">MC_PS_USER_ID</var>
<kw name="Get From Dictionary" library="Collections">
<var>${cookie_value}</var>
<arg>${SAVED_COOKIES}</arg>
<arg>${cookie_name}</arg>
<doc>Returns a value from the given ``dictionary`` based on the given ``key``.</doc>
<msg timestamp="20230330 18:33:27.726" level="INFO">${cookie_value} = 1680092592369-100977</msg>
<status status="PASS" starttime="20230330 18:33:27.726" endtime="20230330 18:33:27.726"/>
</kw>
<kw name="Add Cookie" library="SeleniumLibrary">
<arg>${cookie_name}</arg>
<arg>${cookie_value}</arg>
<doc>Adds a cookie to your current session.</doc>
<status status="PASS" starttime="20230330 18:33:27.727" endtime="20230330 18:33:27.729"/>
</kw>
<status status="PASS" starttime="20230330 18:33:27.726" endtime="20230330 18:33:27.729"/>
</iter>
<iter>
<var name="${cookie_name}">ln_or</var>
<kw name="Get From Dictionary" library="Collections">
<var>${cookie_value}</var>
<arg>${SAVED_COOKIES}</arg>
<arg>${cookie_name}</arg>
<doc>Returns a value from the given ``dictionary`` based on the given ``key``.</doc>
<msg timestamp="20230330 18:33:27.729" level="INFO">${cookie_value} = eyIxOTUyODIwIjoiZCJ9</msg>
<status status="PASS" starttime="20230330 18:33:27.729" endtime="20230330 18:33:27.729"/>
</kw>
<kw name="Add Cookie" library="SeleniumLibrary">
<arg>${cookie_name}</arg>
<arg>${cookie_value}</arg>
<doc>Adds a cookie to your current session.</doc>
<status status="PASS" starttime="20230330 18:33:27.729" endtime="20230330 18:33:27.732"/>
</kw>
<status status="PASS" starttime="20230330 18:33:27.729" endtime="20230330 18:33:27.732"/>
</iter>
<iter>
<var name="${cookie_name}">TS0128ac54</var>
<kw name="Get From Dictionary" library="Collections">
<var>${cookie_value}</var>
<arg>${SAVED_COOKIES}</arg>
<arg>${cookie_name}</arg>
<doc>Returns a value from the given ``dictionary`` based on the given ``key``.</doc>
<msg timestamp="20230330 18:33:27.733" level="INFO">${cookie_value} = 014cde72304d211d1066334bffff758d93f877c99ec5320041f4662aab3b8eb02a18971f581f17e8b8f6574f379f52512226fac24fa5d4e8d425960c2e0b7bf8f1f202b69f</msg>
<status status="PASS" starttime="20230330 18:33:27.733" endtime="20230330 18:33:27.733"/>
</kw>
<kw name="Add Cookie" library="SeleniumLibrary">
<arg>${cookie_name}</arg>
<arg>${cookie_value}</arg>
<doc>Adds a cookie to your current session.</doc>
<status status="PASS" starttime="20230330 18:33:27.733" endtime="20230330 18:33:27.736"/>
</kw>
<status status="PASS" starttime="20230330 18:33:27.732" endtime="20230330 18:33:27.736"/>
</iter>
<iter>
<var name="${cookie_name}">_pfbsesid</var>
<kw name="Get From Dictionary" library="Collections">
<var>${cookie_value}</var>
<arg>${SAVED_COOKIES}</arg>
<arg>${cookie_name}</arg>
<doc>Returns a value from the given ``dictionary`` based on the given ``key``.</doc>
<msg timestamp="20230330 18:33:27.737" level="INFO">${cookie_value} = d740facb-2d2e-8760-3ae6-67a29475835c</msg>
<status status="PASS" starttime="20230330 18:33:27.736" endtime="20230330 18:33:27.737"/>
</kw>
<kw name="Add Cookie" library="SeleniumLibrary">
<arg>${cookie_name}</arg>
<arg>${cookie_value}</arg>
<doc>Adds a cookie to your current session.</doc>
<status status="PASS" starttime="20230330 18:33:27.737" endtime="20230330 18:33:27.739"/>
</kw>
<status status="PASS" starttime="20230330 18:33:27.736" endtime="20230330 18:33:27.739"/>
</iter>
<iter>
<var name="${cookie_name}">_pfbuid</var>
<kw name="Get From Dictionary" library="Collections">
<var>${cookie_value}</var>
<arg>${SAVED_COOKIES}</arg>
<arg>${cookie_name}</arg>
<doc>Returns a value from the given ``dictionary`` based on the given ``key``.</doc>
<msg timestamp="20230330 18:33:27.740" level="INFO">${cookie_value} = 36405d52-4daf-eac6-8363-4d5b425af73f</msg>
<status status="PASS" starttime="20230330 18:33:27.739" endtime="20230330 18:33:27.740"/>
</kw>
<kw name="Add Cookie" library="SeleniumLibrary">
<arg>${cookie_name}</arg>
<arg>${cookie_value}</arg>
<doc>Adds a cookie to your current session.</doc>
<status status="PASS" starttime="20230330 18:33:27.740" endtime="20230330 18:33:27.742"/>
</kw>
<status status="PASS" starttime="20230330 18:33:27.739" endtime="20230330 18:33:27.742"/>
</iter>
<iter>
<var name="${cookie_name}">_fpid</var>
<kw name="Get From Dictionary" library="Collections">
<var>${cookie_value}</var>
<arg>${SAVED_COOKIES}</arg>
<arg>${cookie_name}</arg>
<doc>Returns a value from the given ``dictionary`` based on the given ``key``.</doc>
<msg timestamp="20230330 18:33:27.743" level="INFO">${cookie_value} = 1243112205.1680193995</msg>
<status status="PASS" starttime="20230330 18:33:27.743" endtime="20230330 18:33:27.743"/>
</kw>
<kw name="Add Cookie" library="SeleniumLibrary">
<arg>${cookie_name}</arg>
<arg>${cookie_value}</arg>
<doc>Adds a cookie to your current session.</doc>
<status status="PASS" starttime="20230330 18:33:27.743" endtime="20230330 18:33:27.748"/>
</kw>
<status status="PASS" starttime="20230330 18:33:27.742" endtime="20230330 18:33:27.748"/>
</iter>
<iter>
<var name="${cookie_name}">BVBRANDID</var>
<kw name="Get From Dictionary" library="Collections">
<var>${cookie_value}</var>
<arg>${SAVED_COOKIES}</arg>
<arg>${cookie_name}</arg>
<doc>Returns a value from the given ``dictionary`` based on the given ``key``.</doc>
<msg timestamp="20230330 18:33:27.748" level="INFO">${cookie_value} = 649bfe41-9dfa-4cf7-82a5-dd56b850925a</msg>
<status status="PASS" starttime="20230330 18:33:27.748" endtime="20230330 18:33:27.748"/>
</kw>
<kw name="Add Cookie" library="SeleniumLibrary">
<arg>${cookie_name}</arg>
<arg>${cookie_value}</arg>
<doc>Adds a cookie to your current session.</doc>
<status status="PASS" starttime="20230330 18:33:27.748" endtime="20230330 18:33:27.752"/>
</kw>
<status status="PASS" starttime="20230330 18:33:27.748" endtime="20230330 18:33:27.752"/>
</iter>
<iter>
<var name="${cookie_name}">_gid</var>
<kw name="Get From Dictionary" library="Collections">
<var>${cookie_value}</var>
<arg>${SAVED_COOKIES}</arg>
<arg>${cookie_name}</arg>
<doc>Returns a value from the given ``dictionary`` based on the given ``key``.</doc>
<msg timestamp="20230330 18:33:27.752" level="INFO">${cookie_value} = GA1.2.1594321626.1680193995</msg>
<status status="PASS" starttime="20230330 18:33:27.752" endtime="20230330 18:33:27.752"/>
</kw>
<kw name="Add Cookie" library="SeleniumLibrary">
<arg>${cookie_name}</arg>
<arg>${cookie_value}</arg>
<doc>Adds a cookie to your current session.</doc>
<status status="PASS" starttime="20230330 18:33:27.752" endtime="20230330 18:33:27.755"/>
</kw>
<status status="PASS" starttime="20230330 18:33:27.752" endtime="20230330 18:33:27.755"/>
</iter>
<iter>
<var name="${cookie_name}">WC_ACTIVEPOINTER</var>
<kw name="Get From Dictionary" library="Collections">
<var>${cookie_value}</var>
<arg>${SAVED_COOKIES}</arg>
<arg>${cookie_name}</arg>
<doc>Returns a value from the given ``dictionary`` based on the given ``key``.</doc>
<msg timestamp="20230330 18:33:27.755" level="INFO">${cookie_value} = -19%2C19801</msg>
<status status="PASS" starttime="20230330 18:33:27.755" endtime="20230330 18:33:27.755"/>
</kw>
<kw name="Add Cookie" library="SeleniumLibrary">
<arg>${cookie_name}</arg>
<arg>${cookie_value}</arg>
<doc>Adds a cookie to your current session.</doc>
<status status="PASS" starttime="20230330 18:33:27.755" endtime="20230330 18:33:27.758"/>
</kw>
<status status="PASS" starttime="20230330 18:33:27.755" endtime="20230330 18:33:27.758"/>
</iter>
<iter>
<var name="${cookie_name}">_prefixboxIntegrationVariant</var>
<kw name="Get From Dictionary" library="Collections">
<var>${cookie_value}</var>
<arg>${SAVED_COOKIES}</arg>
<arg>${cookie_name}</arg>
<doc>Returns a value from the given ``dictionary`` based on the given ``key``.</doc>
<msg timestamp="20230330 18:33:27.758" level="INFO">${cookie_value} = treatment_150e0a62-0bea-4cf3-a738-62c2404ad811</msg>
<status status="PASS" starttime="20230330 18:33:27.758" endtime="20230330 18:33:27.758"/>
</kw>
<kw name="Add Cookie" library="SeleniumLibrary">
<arg>${cookie_name}</arg>
<arg>${cookie_value}</arg>
<doc>Adds a cookie to your current session.</doc>
<status status="PASS" starttime="20230330 18:33:27.758" endtime="20230330 18:33:27.761"/>
</kw>
<status status="PASS" starttime="20230330 18:33:27.758" endtime="20230330 18:33:27.761"/>
</iter>
<iter>
<var name="${cookie_name}">tc_id</var>
<kw name="Get From Dictionary" library="Collections">
<var>${cookie_value}</var>
<arg>${SAVED_COOKIES}</arg>
<arg>${cookie_name}</arg>
<doc>Returns a value from the given ``dictionary`` based on the given ``key``.</doc>
<msg timestamp="20230330 18:33:27.761" level="INFO">${cookie_value} = 1c679cff-36a6-4593-9bb0-aa0737c4fdbc</msg>
<status status="PASS" starttime="20230330 18:33:27.761" endtime="20230330 18:33:27.761"/>
</kw>
<kw name="Add Cookie" library="SeleniumLibrary">
<arg>${cookie_name}</arg>
<arg>${cookie_value}</arg>
<doc>Adds a cookie to your current session.</doc>
<status status="PASS" starttime="20230330 18:33:27.762" endtime="20230330 18:33:27.764"/>
</kw>
<status status="PASS" starttime="20230330 18:33:27.761" endtime="20230330 18:33:27.764"/>
</iter>
<iter>
<var name="${cookie_name}">ts_id</var>
<kw name="Get From Dictionary" library="Collections">
<var>${cookie_value}</var>
<arg>${SAVED_COOKIES}</arg>
<arg>${cookie_name}</arg>
<doc>Returns a value from the given ``dictionary`` based on the given ``key``.</doc>
<msg timestamp="20230330 18:33:27.765" level="INFO">${cookie_value} = 1c679cff-36a6-4593-9bb0-aa0737c4fdbc</msg>
<status status="PASS" starttime="20230330 18:33:27.764" endtime="20230330 18:33:27.765"/>
</kw>
<kw name="Add Cookie" library="SeleniumLibrary">
<arg>${cookie_name}</arg>
<arg>${cookie_value}</arg>
<doc>Adds a cookie to your current session.</doc>
<status status="PASS" starttime="20230330 18:33:27.765" endtime="20230330 18:33:27.768"/>
</kw>
<status status="PASS" starttime="20230330 18:33:27.764" endtime="20230330 18:33:27.768"/>
</iter>
<iter>
<var name="${cookie_name}">MC_USERTYPE</var>
<kw name="Get From Dictionary" library="Collections">
<var>${cookie_value}</var>
<arg>${SAVED_COOKIES}</arg>
<arg>${cookie_name}</arg>
<doc>Returns a value from the given ``dictionary`` based on the given ``key``.</doc>
<msg timestamp="20230330 18:33:27.768" level="INFO">${cookie_value} = R</msg>
<status status="PASS" starttime="20230330 18:33:27.768" endtime="20230330 18:33:27.768"/>
</kw>
<kw name="Add Cookie" library="SeleniumLibrary">
<arg>${cookie_name}</arg>
<arg>${cookie_value}</arg>
<doc>Adds a cookie to your current session.</doc>
<status status="PASS" starttime="20230330 18:33:27.768" endtime="20230330 18:33:27.770"/>
</kw>
<status status="PASS" starttime="20230330 18:33:27.768" endtime="20230330 18:33:27.771"/>
</iter>
<iter>
<var name="${cookie_name}">MC_PS_SESSION_ID</var>
<kw name="Get From Dictionary" library="Collections">
<var>${cookie_value}</var>
<arg>${SAVED_COOKIES}</arg>
<arg>${cookie_name}</arg>
<doc>Returns a value from the given ``dictionary`` based on the given ``key``.</doc>
<msg timestamp="20230330 18:33:27.771" level="INFO">${cookie_value} = DPDMyI7GFTojIN2V5s91C6e</msg>
<status status="PASS" starttime="20230330 18:33:27.771" endtime="20230330 18:33:27.771"/>
</kw>
<kw name="Add Cookie" library="SeleniumLibrary">
<arg>${cookie_name}</arg>
<arg>${cookie_value}</arg>
<doc>Adds a cookie to your current session.</doc>
<status status="PASS" starttime="20230330 18:33:27.771" endtime="20230330 18:33:27.773"/>
</kw>
<status status="PASS" starttime="20230330 18:33:27.771" endtime="20230330 18:33:27.773"/>
</iter>
<iter>
<var name="${cookie_name}">JSESSIONID</var>
<kw name="Get From Dictionary" library="Collections">
<var>${cookie_value}</var>
<arg>${SAVED_COOKIES}</arg>
<arg>${cookie_name}</arg>
<doc>Returns a value from the given ``dictionary`` based on the given ``key``.</doc>
<msg timestamp="20230330 18:33:27.774" level="INFO">${cookie_value} = 0000DPDMyI7GFTojIN2V5s91C6e:18o0679eh</msg>
<status status="PASS" starttime="20230330 18:33:27.774" endtime="20230330 18:33:27.774"/>
</kw>
<kw name="Add Cookie" library="SeleniumLibrary">
<arg>${cookie_name}</arg>
<arg>${cookie_value}</arg>
<doc>Adds a cookie to your current session.</doc>
<status status="PASS" starttime="20230330 18:33:27.774" endtime="20230330 18:33:27.776"/>
</kw>
<status status="PASS" starttime="20230330 18:33:27.773" endtime="20230330 18:33:27.776"/>
</iter>
<iter>
<var name="${cookie_name}">MC_PS_CHANNEL_ID</var>
<kw name="Get From Dictionary" library="Collections">
<var>${cookie_value}</var>
<arg>${SAVED_COOKIES}</arg>
<arg>${cookie_name}</arg>
<doc>Returns a value from the given ``dictionary`` based on the given ``key``.</doc>
<msg timestamp="20230330 18:33:27.776" level="INFO">${cookie_value} = desktop</msg>
<status status="PASS" starttime="20230330 18:33:27.776" endtime="20230330 18:33:27.776"/>
</kw>
<kw name="Add Cookie" library="SeleniumLibrary">
<arg>${cookie_name}</arg>
<arg>${cookie_value}</arg>
<doc>Adds a cookie to your current session.</doc>
<status status="PASS" starttime="20230330 18:33:27.776" endtime="20230330 18:33:27.779"/>
</kw>
<status status="PASS" starttime="20230330 18:33:27.776" endtime="20230330 18:33:27.779"/>
</iter>
<iter>
<var name="${cookie_name}">TS01c09a37</var>
<kw name="Get From Dictionary" library="Collections">
<var>${cookie_value}</var>
<arg>${SAVED_COOKIES}</arg>
<arg>${cookie_name}</arg>
<doc>Returns a value from the given ``dictionary`` based on the given ``key``.</doc>
<msg timestamp="20230330 18:33:27.779" level="INFO">${cookie_value} = 014cde72309bafe6c37a882f0039cde151d4559cd5bcfd6a8e1d4808a417e5810a784a4a07e56037c4784a8c011b28875205ca6754</msg>
<status status="PASS" starttime="20230330 18:33:27.779" endtime="20230330 18:33:27.779"/>
</kw>
<kw name="Add Cookie" library="SeleniumLibrary">
<arg>${cookie_name}</arg>
<arg>${cookie_value}</arg>
<doc>Adds a cookie to your current session.</doc>
<status status="PASS" starttime="20230330 18:33:27.779" endtime="20230330 18:33:27.782"/>
</kw>
<status status="PASS" starttime="20230330 18:33:27.779" endtime="20230330 18:33:27.782"/>
</iter>
<iter>
<var name="${cookie_name}">_gat_UA-38369422-1</var>
<kw name="Get From Dictionary" library="Collections">
<var>${cookie_value}</var>
<arg>${SAVED_COOKIES}</arg>
<arg>${cookie_name}</arg>
<doc>Returns a value from the given ``dictionary`` based on the given ``key``.</doc>
<msg timestamp="20230330 18:33:27.783" level="INFO">${cookie_value} = 1</msg>
<status status="PASS" starttime="20230330 18:33:27.782" endtime="20230330 18:33:27.783"/>
</kw>
<kw name="Add Cookie" library="SeleniumLibrary">
<arg>${cookie_name}</arg>
<arg>${cookie_value}</arg>
<doc>Adds a cookie to your current session.</doc>
<status status="PASS" starttime="20230330 18:33:27.783" endtime="20230330 18:33:27.785"/>
</kw>
<status status="PASS" starttime="20230330 18:33:27.782" endtime="20230330 18:33:27.786"/>
</iter>
<iter>
<var name="${cookie_name}">WC_SESSION_ESTABLISHED</var>
<kw name="Get From Dictionary" library="Collections">
<var>${cookie_value}</var>
<arg>${SAVED_COOKIES}</arg>
<arg>${cookie_name}</arg>
<doc>Returns a value from the given ``dictionary`` based on the given ``key``.</doc>
<msg timestamp="20230330 18:33:27.786" level="INFO">${cookie_value} = true</msg>
<status status="PASS" starttime="20230330 18:33:27.786" endtime="20230330 18:33:27.786"/>
</kw>
<kw name="Add Cookie" library="SeleniumLibrary">
<arg>${cookie_name}</arg>
<arg>${cookie_value}</arg>
<doc>Adds a cookie to your current session.</doc>
<status status="PASS" starttime="20230330 18:33:27.786" endtime="20230330 18:33:27.789"/>
</kw>
<status status="PASS" starttime="20230330 18:33:27.786" endtime="20230330 18:33:27.789"/>
</iter>
<iter>
<var name="${cookie_name}">_uetsid</var>
<kw name="Get From Dictionary" library="Collections">
<var>${cookie_value}</var>
<arg>${SAVED_COOKIES}</arg>
<arg>${cookie_name}</arg>
<doc>Returns a value from the given ``dictionary`` based on the given ``key``.</doc>
<msg timestamp="20230330 18:33:27.790" level="INFO">${cookie_value} = 923a12e0cf1811eda85d533e25d7c126</msg>
<status status="PASS" starttime="20230330 18:33:27.790" endtime="20230330 18:33:27.790"/>
</kw>
<kw name="Add Cookie" library="SeleniumLibrary">
<arg>${cookie_name}</arg>
<arg>${cookie_value}</arg>
<doc>Adds a cookie to your current session.</doc>
<status status="PASS" starttime="20230330 18:33:27.790" endtime="20230330 18:33:27.792"/>
</kw>
<status status="PASS" starttime="20230330 18:33:27.790" endtime="20230330 18:33:27.792"/>
</iter>
<iter>
<var name="${cookie_name}">_ga_R4T962XQH6</var>
<kw name="Get From Dictionary" library="Collections">
<var>${cookie_value}</var>
<arg>${SAVED_COOKIES}</arg>
<arg>${cookie_name}</arg>
<doc>Returns a value from the given ``dictionary`` based on the given ``key``.</doc>
<msg timestamp="20230330 18:33:27.792" level="INFO">${cookie_value} = GS1.1.1680193994.1.1.1680193997.57.0.0</msg>
<status status="PASS" starttime="20230330 18:33:27.792" endtime="20230330 18:33:27.792"/>
</kw>
<kw name="Add Cookie" library="SeleniumLibrary">
<arg>${cookie_name}</arg>
<arg>${cookie_value}</arg>
<doc>Adds a cookie to your current session.</doc>
<status status="PASS" starttime="20230330 18:33:27.793" endtime="20230330 18:33:27.795"/>
</kw>
<status status="PASS" starttime="20230330 18:33:27.792" endtime="20230330 18:33:27.795"/>
</iter>
<iter>
<var name="${cookie_name}">MC_DEVICE_ID_EXT</var>
<kw name="Get From Dictionary" library="Collections">
<var>${cookie_value}</var>
<arg>${SAVED_COOKIES}</arg>
<arg>${cookie_name}</arg>
<doc>Returns a value from the given ``dictionary`` based on the given ``key``.</doc>
<msg timestamp="20230330 18:33:27.796" level="INFO">${cookie_value} = -1</msg>
<status status="PASS" starttime="20230330 18:33:27.795" endtime="20230330 18:33:27.796"/>
</kw>
<kw name="Add Cookie" library="SeleniumLibrary">
<arg>${cookie_name}</arg>
<arg>${cookie_value}</arg>
<doc>Adds a cookie to your current session.</doc>
<status status="PASS" starttime="20230330 18:33:27.796" endtime="20230330 18:33:27.807"/>
</kw>
<status status="PASS" starttime="20230330 18:33:27.795" endtime="20230330 18:33:27.807"/>
</iter>
<iter>
<var name="${cookie_name}">BVBRANDSID</var>
<kw name="Get From Dictionary" library="Collections">
<var>${cookie_value}</var>
<arg>${SAVED_COOKIES}</arg>
<arg>${cookie_name}</arg>
<doc>Returns a value from the given ``dictionary`` based on the given ``key``.</doc>
<msg timestamp="20230330 18:33:27.807" level="INFO">${cookie_value} = b76315bc-9a28-486a-b1ec-9ba0aeff35bb</msg>
<status status="PASS" starttime="20230330 18:33:27.807" endtime="20230330 18:33:27.807"/>
</kw>
<kw name="Add Cookie" library="SeleniumLibrary">
<arg>${cookie_name}</arg>
<arg>${cookie_value}</arg>
<doc>Adds a cookie to your current session.</doc>
<status status="PASS" starttime="20230330 18:33:27.807" endtime="20230330 18:33:27.810"/>
</kw>
<status status="PASS" starttime="20230330 18:33:27.807" endtime="20230330 18:33:27.810"/>
</iter>
<iter>
<var name="${cookie_name}">TS013377be</var>
<kw name="Get From Dictionary" library="Collections">
<var>${cookie_value}</var>
<arg>${SAVED_COOKIES}</arg>
<arg>${cookie_name}</arg>
<doc>Returns a value from the given ``dictionary`` based on the given ``key``.</doc>
<msg timestamp="20230330 18:33:27.811" level="INFO">${cookie_value} = 014cde7230346404d52a1de28c63d4b36936ed48f1c5320041f4662aab3b8eb02a18971f58d5c45721fe25c088268e6c384065fe639ebbd2c06dfe82bc5f08df0899ccdffb</msg>
<status status="PASS" starttime="20230330 18:33:27.810" endtime="20230330 18:33:27.811"/>
</kw>
<kw name="Add Cookie" library="SeleniumLibrary">
<arg>${cookie_name}</arg>
<arg>${cookie_value}</arg>
<doc>Adds a cookie to your current session.</doc>
<status status="PASS" starttime="20230330 18:33:27.811" endtime="20230330 18:33:27.815"/>
</kw>
<status status="PASS" starttime="20230330 18:33:27.810" endtime="20230330 18:33:27.815"/>
</iter>
<iter>
<var name="${cookie_name}">_uetvid</var>
<kw name="Get From Dictionary" library="Collections">
<var>${cookie_value}</var>
<arg>${SAVED_COOKIES}</arg>
<arg>${cookie_name}</arg>
<doc>Returns a value from the given ``dictionary`` based on the given ``key``.</doc>
<msg timestamp="20230330 18:33:27.816" level="INFO">${cookie_value} = 923a36a0cf1811ed96cd25faba97841e</msg>
<status status="PASS" starttime="20230330 18:33:27.816" endtime="20230330 18:33:27.816"/>
</kw>
<kw name="Add Cookie" library="SeleniumLibrary">
<arg>${cookie_name}</arg>
<arg>${cookie_value}</arg>
<doc>Adds a cookie to your current session.</doc>
<status status="PASS" starttime="20230330 18:33:27.816" endtime="20230330 18:33:27.819"/>
</kw>
<status status="PASS" starttime="20230330 18:33:27.815" endtime="20230330 18:33:27.819"/>
</iter>
<iter>
<var name="${cookie_name}">MC_USER_ID</var>
<kw name="Get From Dictionary" library="Collections">
<var>${cookie_value}</var>
<arg>${SAVED_COOKIES}</arg>
<arg>${cookie_name}</arg>
<doc>Returns a value from the given ``dictionary`` based on the given ``key``.</doc>
<msg timestamp="20230330 18:33:27.819" level="INFO">${cookie_value} = 1882778734</msg>
<status status="PASS" starttime="20230330 18:33:27.819" endtime="20230330 18:33:27.819"/>
</kw>
<kw name="Add Cookie" library="SeleniumLibrary">
<arg>${cookie_name}</arg>
<arg>${cookie_value}</arg>
<doc>Adds a cookie to your current session.</doc>
<status status="PASS" starttime="20230330 18:33:27.819" endtime="20230330 18:33:27.823"/>
</kw>
<status status="PASS" starttime="20230330 18:33:27.819" endtime="20230330 18:33:27.823"/>
</iter>
<iter>
<var name="${cookie_name}">TS0173859f</var>
<kw name="Get From Dictionary" library="Collections">
<var>${cookie_value}</var>
<arg>${SAVED_COOKIES}</arg>
<arg>${cookie_name}</arg>
<doc>Returns a value from the given ``dictionary`` based on the given ``key``.</doc>
<msg timestamp="20230330 18:33:27.823" level="INFO">${cookie_value} = 014cde72305722eaca399d5bb3ad3d868939e5dedcc5320041f4662aab3b8eb02a18971f583ebd466379b3dc71eb5f0d0a2c648e4828164cc808a5a332225528de45cadf6e</msg>
<status status="PASS" starttime="20230330 18:33:27.823" endtime="20230330 18:33:27.823"/>
</kw>
<kw name="Add Cookie" library="SeleniumLibrary">
<arg>${cookie_name}</arg>
<arg>${cookie_value}</arg>
<doc>Adds a cookie to your current session.</doc>
<status status="PASS" starttime="20230330 18:33:27.823" endtime="20230330 18:33:27.826"/>
</kw>
<status status="PASS" starttime="20230330 18:33:27.823" endtime="20230330 18:33:27.826"/>
</iter>
<iter>
<var name="${cookie_name}">_pin_unauth</var>
<kw name="Get From Dictionary" library="Collections">
<var>${cookie_value}</var>
<arg>${SAVED_COOKIES}</arg>
<arg>${cookie_name}</arg>
<doc>Returns a value from the given ``dictionary`` based on the given ``key``.</doc>
<msg timestamp="20230330 18:33:27.826" level="INFO">${cookie_value} = dWlkPU5URmlNbVZoWldNdFl6SmxNQzAwWVdaakxUa3dPR0l0T1dZeE5XRm1aR0kwTXpRdw</msg>
<status status="PASS" starttime="20230330 18:33:27.826" endtime="20230330 18:33:27.827"/>
</kw>
<kw name="Add Cookie" library="SeleniumLibrary">
<arg>${cookie_name}</arg>
<arg>${cookie_value}</arg>
<doc>Adds a cookie to your current session.</doc>
<status status="PASS" starttime="20230330 18:33:27.827" endtime="20230330 18:33:27.839"/>
</kw>
<status status="PASS" starttime="20230330 18:33:27.826" endtime="20230330 18:33:27.839"/>
</iter>
<iter>
<var name="${cookie_name}">dtCookie</var>
<kw name="Get From Dictionary" library="Collections">
<var>${cookie_value}</var>
<arg>${SAVED_COOKIES}</arg>
<arg>${cookie_name}</arg>
<doc>Returns a value from the given ``dictionary`` based on the given ``key``.</doc>
<msg timestamp="20230330 18:33:27.839" level="INFO">${cookie_value} = v_4_srv_11_sn_034776E19768E48BF271962A3A43A5E6_perc_100000_ol_0_mul_1_app-3Ae7f98023a7474742_1</msg>
<status status="PASS" starttime="20230330 18:33:27.839" endtime="20230330 18:33:27.839"/>
</kw>
<kw name="Add Cookie" library="SeleniumLibrary">
<arg>${cookie_name}</arg>
<arg>${cookie_value}</arg>
<doc>Adds a cookie to your current session.</doc>
<status status="PASS" starttime="20230330 18:33:27.839" endtime="20230330 18:33:27.842"/>
</kw>
<status status="PASS" starttime="20230330 18:33:27.839" endtime="20230330 18:33:27.842"/>
</iter>
<iter>
<var name="${cookie_name}">_pfbx_application_information</var>
<kw name="Get From Dictionary" library="Collections">
<var>${cookie_value}</var>
<arg>${SAVED_COOKIES}</arg>
<arg>${cookie_name}</arg>
<doc>Returns a value from the given ``dictionary`` based on the given ``key``.</doc>
<msg timestamp="20230330 18:33:27.842" level="INFO">${cookie_value} = f2a0c4a4-b8d2-4bcb-ba10-c5524340e916</msg>
<status status="PASS" starttime="20230330 18:33:27.842" endtime="20230330 18:33:27.842"/>
</kw>
<kw name="Add Cookie" library="SeleniumLibrary">
<arg>${cookie_name}</arg>
<arg>${cookie_value}</arg>
<doc>Adds a cookie to your current session.</doc>
<status status="PASS" starttime="20230330 18:33:27.842" endtime="20230330 18:33:27.845"/>
</kw>
<status status="PASS" starttime="20230330 18:33:27.842" endtime="20230330 18:33:27.845"/>
</iter>
<iter>
<var name="${cookie_name}">MC_PRIVACY</var>
<kw name="Get From Dictionary" library="Collections">
<var>${cookie_value}</var>
<arg>${SAVED_COOKIES}</arg>
<arg>${cookie_name}</arg>
<doc>Returns a value from the given ``dictionary`` based on the given ``key``.</doc>
<msg timestamp="20230330 18:33:27.845" level="INFO">${cookie_value} = marketing</msg>
<status status="PASS" starttime="20230330 18:33:27.845" endtime="20230330 18:33:27.845"/>
</kw>
<kw name="Add Cookie" library="SeleniumLibrary">
<arg>${cookie_name}</arg>
<arg>${cookie_value}</arg>
<doc>Adds a cookie to your current session.</doc>
<status status="PASS" starttime="20230330 18:33:27.845" endtime="20230330 18:33:27.848"/>
</kw>
<status status="PASS" starttime="20230330 18:33:27.845" endtime="20230330 18:33:27.848"/>
</iter>
<iter>
<var name="${cookie_name}">_ga</var>
<kw name="Get From Dictionary" library="Collections">
<var>${cookie_value}</var>
<arg>${SAVED_COOKIES}</arg>
<arg>${cookie_name}</arg>
<doc>Returns a value from the given ``dictionary`` based on the given ``key``.</doc>
<msg timestamp="20230330 18:33:27.849" level="INFO">${cookie_value} = GA1.1.1243112205.1680193995</msg>
<status status="PASS" starttime="20230330 18:33:27.848" endtime="20230330 18:33:27.849"/>
</kw>
<kw name="Add Cookie" library="SeleniumLibrary">
<arg>${cookie_name}</arg>
<arg>${cookie_value}</arg>
<doc>Adds a cookie to your current session.</doc>
<status status="PASS" starttime="20230330 18:33:27.849" endtime="20230330 18:33:27.852"/>
</kw>
<status status="PASS" starttime="20230330 18:33:27.848" endtime="20230330 18:33:27.852"/>
</iter>
<iter>
<var name="${cookie_name}">MC_DEVICE_ID</var>
<kw name="Get From Dictionary" library="Collections">
<var>${cookie_value}</var>
<arg>${SAVED_COOKIES}</arg>
<arg>${cookie_name}</arg>
<doc>Returns a value from the given ``dictionary`` based on the given ``key``.</doc>
<msg timestamp="20230330 18:33:27.852" level="INFO">${cookie_value} = -1</msg>
<status status="PASS" starttime="20230330 18:33:27.852" endtime="20230330 18:33:27.852"/>
</kw>
<kw name="Add Cookie" library="SeleniumLibrary">
<arg>${cookie_name}</arg>
<arg>${cookie_value}</arg>
<doc>Adds a cookie to your current session.</doc>
<status status="PASS" starttime="20230330 18:33:27.852" endtime="20230330 18:33:27.855"/>
</kw>
<status status="PASS" starttime="20230330 18:33:27.852" endtime="20230330 18:33:27.855"/>
</iter>
<status status="PASS" starttime="20230330 18:33:27.693" endtime="20230330 18:33:27.855"/>
</for>
<kw name="Get Cookies" library="SeleniumLibrary">
<var>${asd}</var>
<arg>as_dict=${True}</arg>
<doc>Returns all cookies of the current page.</doc>
<msg timestamp="20230330 18:33:27.858" level="INFO">${asd} = {'MC_PRIVACY': 'marketing', 'MC_DEVICE_ID': '-1', 'dtCookie': 'v_4_srv_11_sn_034776E19768E48BF271962A3A43A5E6_perc_100000_ol_0_mul_1_app-3Ae7f98023a7474742_1', '_pin_unauth': 'dWlkPU5URmlNbVZoWldNdFl6...</msg>
<status status="PASS" starttime="20230330 18:33:27.855" endtime="20230330 18:33:27.859"/>
</kw>
<status status="PASS" starttime="20230330 18:33:27.435" endtime="20230330 18:33:27.859"/>
</kw>
<kw name="Go To Login Page" library="common">
<kw name="Go To" library="SeleniumLibrary">
<arg>${LOGIN_URL}</arg>
<doc>Navigates the current browser window to the provided ``url``.</doc>
<msg timestamp="20230330 18:33:27.859" level="INFO">Opening url 'https://www.mediamarkt.hu/webapp/wcs/stores/servlet/LogonForm'</msg>
<status status="PASS" starttime="20230330 18:33:27.859" endtime="20230330 18:33:31.947"/>
</kw>
<status status="PASS" starttime="20230330 18:33:27.859" endtime="20230330 18:33:31.947"/>
</kw>
<kw name="Click Element" library="SeleniumLibrary">
<arg>${MY_PROFILE_BUTTON}</arg>
<doc>Click the element identified by ``locator``.</doc>
<msg timestamp="20230330 18:33:31.948" level="INFO">Clicking element '//button[@data-identifier='MyProfile-button']'.</msg>
<status status="PASS" starttime="20230330 18:33:31.948" endtime="20230330 18:33:32.003"/>
</kw>
<kw name="Click Element" library="SeleniumLibrary">
<arg>${PERSONAL_DATA_OPTION}</arg>
<doc>Click the element identified by ``locator``.</doc>
<msg timestamp="20230330 18:33:32.004" level="INFO">Clicking element '//a[@data-tracking='szemelyes_adatok']'.</msg>
<status status="PASS" starttime="20230330 18:33:32.003" endtime="20230330 18:33:34.743"/>
</kw>
<kw name="Page Should Contain" library="SeleniumLibrary">
<arg>Jelszó megváltoztatása</arg>
<doc>Verifies that current page contains ``text``.</doc>
<msg timestamp="20230330 18:33:34.784" level="INFO">Current page contains text 'Jelszó megváltoztatása'.</msg>
<status status="PASS" starttime="20230330 18:33:34.744" endtime="20230330 18:33:34.784"/>
</kw>
<kw name="Common Test Teardown" library="base_test" type="TEARDOWN">
<kw name="Close All Browsers" library="SeleniumLibrary">
<doc>Closes all open browsers and resets the browser cache.</doc>
<status status="PASS" starttime="20230330 18:33:34.785" endtime="20230330 18:33:41.033"/>
</kw>
<status status="PASS" starttime="20230330 18:33:34.785" endtime="20230330 18:33:41.033"/>
</kw>
<status status="PASS" starttime="20230330 18:33:24.086" endtime="20230330 18:33:41.034"/>
</test>
<test id="s1-t3" name="Click on Karrier navigation link" line="26">
<kw name="Common Test Setup" library="base_test" type="SETUP">
<kw name="Open Browser" library="SeleniumLibrary">
<arg>${BASE_URL}</arg>
<arg>${BROWSER}</arg>
<arg>options=add_experimental_option("excludeSwitches", ["enable-logging"])</arg>
<doc>Opens a new browser instance to the optional ``url``.</doc>
<msg timestamp="20230330 18:33:41.035" level="INFO">Opening browser 'chrome' to base url 'https://www.mediamarkt.hu/'.</msg>
<status status="PASS" starttime="20230330 18:33:41.035" endtime="20230330 18:33:43.658"/>
</kw>
<status status="PASS" starttime="20230330 18:33:41.035" endtime="20230330 18:33:43.658"/>
</kw>
<kw name="Click Element" library="SeleniumLibrary">
<arg>${ACCEPT_COOKIE_BUTTON}</arg>
<doc>Click the element identified by ``locator``.</doc>
<msg timestamp="20230330 18:33:43.659" level="INFO">Clicking element '//*[@id="cookie-info-layer"]/div[1]/div/div[2]/a'.</msg>
<status status="PASS" starttime="20230330 18:33:43.659" endtime="20230330 18:33:43.822"/>
</kw>
<kw name="Click on specified navigation link" library="menu">
<arg>Karrier</arg>
<doc>Specify a navigation link as string to click on it.</doc>
<kw name="Get WebElements" library="SeleniumLibrary">
<var>${NAVIGATION_LINKS}</var>
<arg>${NAVIGATION_LINKS}</arg>
<doc>Returns a list of WebElement objects matching the ``locator``.</doc>
<msg timestamp="20230330 18:33:43.838" level="INFO">${NAVIGATION_LINKS} = [&lt;selenium.webdriver.remote.webelement.WebElement (session="f2bfc31a3d130c3ef7f1405bc97cca85", element="36c97eec-8103-4e38-a8ff-0a1d2e52385d")&gt;, &lt;selenium.webdriver.remote.webelement.WebElement (sessi...</msg>
<status status="PASS" starttime="20230330 18:33:43.823" endtime="20230330 18:33:43.838"/>
</kw>
<for flavor="IN">
<var>${navigation_link}</var>
<value>@{NAVIGATION_LINKS}</value>
<iter>
<var name="${navigation_link}">&lt;selenium.webdriver.remote.webelement.WebElement (session="f2bfc31a3d130c3ef7f1405bc97cca85", element="36c97eec-8103-4e38-a8ff-0a1d2e52385d")&gt;</var>
<kw name="Get Text" library="SeleniumLibrary">
<var>${navigation_link_text}</var>
<arg>${navigation_link}</arg>
<doc>Returns the text value of the element identified by ``locator``.</doc>
<msg timestamp="20230330 18:33:43.848" level="INFO">${navigation_link_text} = Szolgáltatások</msg>
<status status="PASS" starttime="20230330 18:33:43.839" endtime="20230330 18:33:43.848"/>
</kw>
<kw name="Run Keyword And Return Status" library="BuiltIn">
<var>${contains}</var>
<arg>Should Contain</arg>
<arg>${navigation_link_text}</arg>
<arg>${navigation_link_to_click}</arg>
<doc>Runs the given keyword with given arguments and returns the status as a Boolean value.</doc>
<kw name="Should Contain" library="BuiltIn">
<arg>${navigation_link_text}</arg>
<arg>${navigation_link_to_click}</arg>
<doc>Fails if ``container`` does not contain ``item`` one or more times.</doc>
<msg timestamp="20230330 18:33:43.848" level="FAIL">'Szolgáltatások' does not contain 'Karrier'</msg>
<status status="FAIL" starttime="20230330 18:33:43.848" endtime="20230330 18:33:43.849"/>
</kw>
<msg timestamp="20230330 18:33:43.849" level="INFO">${contains} = False</msg>
<status status="PASS" starttime="20230330 18:33:43.848" endtime="20230330 18:33:43.849"/>
</kw>
<if>
<branch type="IF" condition="${contains}">
<kw name="Click Element" library="SeleniumLibrary">
<arg>${navigation_link}</arg>
<doc>Click the element identified by ``locator``.</doc>
<status status="NOT RUN" starttime="20230330 18:33:43.849" endtime="20230330 18:33:43.849"/>
</kw>
<break>
<status status="NOT RUN" starttime="20230330 18:33:43.849" endtime="20230330 18:33:43.849"/>
</break>
<status status="NOT RUN" starttime="20230330 18:33:43.849" endtime="20230330 18:33:43.849"/>
</branch>
<status status="PASS" starttime="20230330 18:33:43.849" endtime="20230330 18:33:43.849"/>
</if>
<status status="PASS" starttime="20230330 18:33:43.838" endtime="20230330 18:33:43.849"/>
</iter>
<iter>
<var name="${navigation_link}">&lt;selenium.webdriver.remote.webelement.WebElement (session="f2bfc31a3d130c3ef7f1405bc97cca85", element="f6cb4810-edb2-4311-8132-edaf250a77bd")&gt;</var>
<kw name="Get Text" library="SeleniumLibrary">
<var>${navigation_link_text}</var>
<arg>${navigation_link}</arg>
<doc>Returns the text value of the element identified by ``locator``.</doc>
<msg timestamp="20230330 18:33:43.858" level="INFO">${navigation_link_text} = Információ</msg>
<status status="PASS" starttime="20230330 18:33:43.849" endtime="20230330 18:33:43.858"/>
</kw>
<kw name="Run Keyword And Return Status" library="BuiltIn">
<var>${contains}</var>
<arg>Should Contain</arg>
<arg>${navigation_link_text}</arg>
<arg>${navigation_link_to_click}</arg>
<doc>Runs the given keyword with given arguments and returns the status as a Boolean value.</doc>
<kw name="Should Contain" library="BuiltIn">
<arg>${navigation_link_text}</arg>
<arg>${navigation_link_to_click}</arg>
<doc>Fails if ``container`` does not contain ``item`` one or more times.</doc>
<msg timestamp="20230330 18:33:43.858" level="FAIL">'Információ' does not contain 'Karrier'</msg>
<status status="FAIL" starttime="20230330 18:33:43.858" endtime="20230330 18:33:43.859"/>
</kw>
<msg timestamp="20230330 18:33:43.859" level="INFO">${contains} = False</msg>
<status status="PASS" starttime="20230330 18:33:43.858" endtime="20230330 18:33:43.859"/>
</kw>
<if>
<branch type="IF" condition="${contains}">
<kw name="Click Element" library="SeleniumLibrary">
<arg>${navigation_link}</arg>
<doc>Click the element identified by ``locator``.</doc>
<status status="NOT RUN" starttime="20230330 18:33:43.859" endtime="20230330 18:33:43.859"/>
</kw>
<break>
<status status="NOT RUN" starttime="20230330 18:33:43.859" endtime="20230330 18:33:43.859"/>
</break>
<status status="NOT RUN" starttime="20230330 18:33:43.859" endtime="20230330 18:33:43.859"/>
</branch>
<status status="PASS" starttime="20230330 18:33:43.859" endtime="20230330 18:33:43.859"/>
</if>
<status status="PASS" starttime="20230330 18:33:43.849" endtime="20230330 18:33:43.859"/>
</iter>
<iter>
<var name="${navigation_link}">&lt;selenium.webdriver.remote.webelement.WebElement (session="f2bfc31a3d130c3ef7f1405bc97cca85", element="a5b47c19-869f-435b-b19f-e7f1f919e47e")&gt;</var>
<kw name="Get Text" library="SeleniumLibrary">
<var>${navigation_link_text}</var>
<arg>${navigation_link}</arg>
<doc>Returns the text value of the element identified by ``locator``.</doc>
<msg timestamp="20230330 18:33:43.866" level="INFO">${navigation_link_text} = Áruhitel</msg>
<status status="PASS" starttime="20230330 18:33:43.859" endtime="20230330 18:33:43.866"/>
</kw>
<kw name="Run Keyword And Return Status" library="BuiltIn">
<var>${contains}</var>
<arg>Should Contain</arg>
<arg>${navigation_link_text}</arg>
<arg>${navigation_link_to_click}</arg>
<doc>Runs the given keyword with given arguments and returns the status as a Boolean value.</doc>
<kw name="Should Contain" library="BuiltIn">
<arg>${navigation_link_text}</arg>
<arg>${navigation_link_to_click}</arg>
<doc>Fails if ``container`` does not contain ``item`` one or more times.</doc>
<msg timestamp="20230330 18:33:43.866" level="FAIL">'Áruhitel' does not contain 'Karrier'</msg>
<status status="FAIL" starttime="20230330 18:33:43.866" endtime="20230330 18:33:43.866"/>
</kw>
<msg timestamp="20230330 18:33:43.866" level="INFO">${contains} = False</msg>
<status status="PASS" starttime="20230330 18:33:43.866" endtime="20230330 18:33:43.866"/>
</kw>
<if>
<branch type="IF" condition="${contains}">
<kw name="Click Element" library="SeleniumLibrary">
<arg>${navigation_link}</arg>
<doc>Click the element identified by ``locator``.</doc>
<status status="NOT RUN" starttime="20230330 18:33:43.867" endtime="20230330 18:33:43.867"/>
</kw>
<break>
<status status="NOT RUN" starttime="20230330 18:33:43.867" endtime="20230330 18:33:43.867"/>
</break>
<status status="NOT RUN" starttime="20230330 18:33:43.867" endtime="20230330 18:33:43.867"/>
</branch>
<status status="PASS" starttime="20230330 18:33:43.867" endtime="20230330 18:33:43.867"/>
</if>
<status status="PASS" starttime="20230330 18:33:43.859" endtime="20230330 18:33:43.867"/>
</iter>
<iter>
<var name="${navigation_link}">&lt;selenium.webdriver.remote.webelement.WebElement (session="f2bfc31a3d130c3ef7f1405bc97cca85", element="960837e3-1b7a-40fa-aa96-207b2152340a")&gt;</var>
<kw name="Get Text" library="SeleniumLibrary">
<var>${navigation_link_text}</var>
<arg>${navigation_link}</arg>
<doc>Returns the text value of the element identified by ``locator``.</doc>
<msg timestamp="20230330 18:33:43.876" level="INFO">${navigation_link_text} = Hírlevél</msg>
<status status="PASS" starttime="20230330 18:33:43.867" endtime="20230330 18:33:43.876"/>
</kw>
<kw name="Run Keyword And Return Status" library="BuiltIn">
<var>${contains}</var>
<arg>Should Contain</arg>
<arg>${navigation_link_text}</arg>
<arg>${navigation_link_to_click}</arg>
<doc>Runs the given keyword with given arguments and returns the status as a Boolean value.</doc>
<kw name="Should Contain" library="BuiltIn">
<arg>${navigation_link_text}</arg>
<arg>${navigation_link_to_click}</arg>
<doc>Fails if ``container`` does not contain ``item`` one or more times.</doc>
<msg timestamp="20230330 18:33:43.876" level="FAIL">'Hírlevél' does not contain 'Karrier'</msg>
<status status="FAIL" starttime="20230330 18:33:43.876" endtime="20230330 18:33:43.876"/>
</kw>
<msg timestamp="20230330 18:33:43.876" level="INFO">${contains} = False</msg>
<status status="PASS" starttime="20230330 18:33:43.876" endtime="20230330 18:33:43.876"/>
</kw>
<if>
<branch type="IF" condition="${contains}">
<kw name="Click Element" library="SeleniumLibrary">
<arg>${navigation_link}</arg>
<doc>Click the element identified by ``locator``.</doc>
<status status="NOT RUN" starttime="20230330 18:33:43.876" endtime="20230330 18:33:43.876"/>
</kw>
<break>
<status status="NOT RUN" starttime="20230330 18:33:43.876" endtime="20230330 18:33:43.876"/>
</break>
<status status="NOT RUN" starttime="20230330 18:33:43.876" endtime="20230330 18:33:43.876"/>
</branch>
<status status="PASS" starttime="20230330 18:33:43.876" endtime="20230330 18:33:43.876"/>
</if>
<status status="PASS" starttime="20230330 18:33:43.867" endtime="20230330 18:33:43.876"/>
</iter>
<iter>
<var name="${navigation_link}">&lt;selenium.webdriver.remote.webelement.WebElement (session="f2bfc31a3d130c3ef7f1405bc97cca85", element="a4850cdf-8d69-4211-a59c-bd32a8e43348")&gt;</var>
<kw name="Get Text" library="SeleniumLibrary">
<var>${navigation_link_text}</var>
<arg>${navigation_link}</arg>
<doc>Returns the text value of the element identified by ``locator``.</doc>
<msg timestamp="20230330 18:33:43.885" level="INFO">${navigation_link_text} = Cégeknek</msg>
<status status="PASS" starttime="20230330 18:33:43.876" endtime="20230330 18:33:43.885"/>
</kw>
<kw name="Run Keyword And Return Status" library="BuiltIn">
<var>${contains}</var>
<arg>Should Contain</arg>
<arg>${navigation_link_text}</arg>
<arg>${navigation_link_to_click}</arg>
<doc>Runs the given keyword with given arguments and returns the status as a Boolean value.</doc>
<kw name="Should Contain" library="BuiltIn">
<arg>${navigation_link_text}</arg>
<arg>${navigation_link_to_click}</arg>
<doc>Fails if ``container`` does not contain ``item`` one or more times.</doc>
<msg timestamp="20230330 18:33:43.886" level="FAIL">'Cégeknek' does not contain 'Karrier'</msg>
<status status="FAIL" starttime="20230330 18:33:43.885" endtime="20230330 18:33:43.886"/>
</kw>
<msg timestamp="20230330 18:33:43.886" level="INFO">${contains} = False</msg>
<status status="PASS" starttime="20230330 18:33:43.885" endtime="20230330 18:33:43.886"/>
</kw>
<if>
<branch type="IF" condition="${contains}">
<kw name="Click Element" library="SeleniumLibrary">
<arg>${navigation_link}</arg>
<doc>Click the element identified by ``locator``.</doc>
<status status="NOT RUN" starttime="20230330 18:33:43.886" endtime="20230330 18:33:43.886"/>
</kw>
<break>
<status status="NOT RUN" starttime="20230330 18:33:43.886" endtime="20230330 18:33:43.886"/>
</break>
<status status="NOT RUN" starttime="20230330 18:33:43.886" endtime="20230330 18:33:43.886"/>
</branch>
<status status="PASS" starttime="20230330 18:33:43.886" endtime="20230330 18:33:43.886"/>
</if>
<status status="PASS" starttime="20230330 18:33:43.876" endtime="20230330 18:33:43.886"/>
</iter>
<iter>
<var name="${navigation_link}">&lt;selenium.webdriver.remote.webelement.WebElement (session="f2bfc31a3d130c3ef7f1405bc97cca85", element="3c4856fa-c5d8-4545-b542-6b83f96f961e")&gt;</var>
<kw name="Get Text" library="SeleniumLibrary">
<var>${navigation_link_text}</var>
<arg>${navigation_link}</arg>
<doc>Returns the text value of the element identified by ``locator``.</doc>
<msg timestamp="20230330 18:33:43.895" level="INFO">${navigation_link_text} = Ügyfélszolgálat</msg>
<status status="PASS" starttime="20230330 18:33:43.886" endtime="20230330 18:33:43.895"/>
</kw>
<kw name="Run Keyword And Return Status" library="BuiltIn">
<var>${contains}</var>
<arg>Should Contain</arg>
<arg>${navigation_link_text}</arg>
<arg>${navigation_link_to_click}</arg>
<doc>Runs the given keyword with given arguments and returns the status as a Boolean value.</doc>
<kw name="Should Contain" library="BuiltIn">
<arg>${navigation_link_text}</arg>
<arg>${navigation_link_to_click}</arg>
<doc>Fails if ``container`` does not contain ``item`` one or more times.</doc>
<msg timestamp="20230330 18:33:43.895" level="FAIL">'Ügyfélszolgálat' does not contain 'Karrier'</msg>
<status status="FAIL" starttime="20230330 18:33:43.895" endtime="20230330 18:33:43.895"/>
</kw>
<msg timestamp="20230330 18:33:43.895" level="INFO">${contains} = False</msg>
<status status="PASS" starttime="20230330 18:33:43.895" endtime="20230330 18:33:43.895"/>
</kw>
<if>
<branch type="IF" condition="${contains}">
<kw name="Click Element" library="SeleniumLibrary">
<arg>${navigation_link}</arg>
<doc>Click the element identified by ``locator``.</doc>
<status status="NOT RUN" starttime="20230330 18:33:43.895" endtime="20230330 18:33:43.895"/>
</kw>
<break>
<status status="NOT RUN" starttime="20230330 18:33:43.895" endtime="20230330 18:33:43.895"/>
</break>
<status status="NOT RUN" starttime="20230330 18:33:43.895" endtime="20230330 18:33:43.895"/>
</branch>
<status status="PASS" starttime="20230330 18:33:43.895" endtime="20230330 18:33:43.895"/>
</if>
<status status="PASS" starttime="20230330 18:33:43.886" endtime="20230330 18:33:43.895"/>
</iter>
<iter>
<var name="${navigation_link}">&lt;selenium.webdriver.remote.webelement.WebElement (session="f2bfc31a3d130c3ef7f1405bc97cca85", element="efe4c468-9b4c-4b53-8968-454585b39051")&gt;</var>
<kw name="Get Text" library="SeleniumLibrary">
<var>${navigation_link_text}</var>
<arg>${navigation_link}</arg>
<doc>Returns the text value of the element identified by ``locator``.</doc>
<msg timestamp="20230330 18:33:43.904" level="INFO">${navigation_link_text} = Karrier</msg>
<status status="PASS" starttime="20230330 18:33:43.896" endtime="20230330 18:33:43.904"/>
</kw>
<kw name="Run Keyword And Return Status" library="BuiltIn">
<var>${contains}</var>
<arg>Should Contain</arg>
<arg>${navigation_link_text}</arg>
<arg>${navigation_link_to_click}</arg>
<doc>Runs the given keyword with given arguments and returns the status as a Boolean value.</doc>
<kw name="Should Contain" library="BuiltIn">
<arg>${navigation_link_text}</arg>
<arg>${navigation_link_to_click}</arg>
<doc>Fails if ``container`` does not contain ``item`` one or more times.</doc>
<status status="PASS" starttime="20230330 18:33:43.904" endtime="20230330 18:33:43.905"/>
</kw>
<msg timestamp="20230330 18:33:43.905" level="INFO">${contains} = True</msg>
<status status="PASS" starttime="20230330 18:33:43.904" endtime="20230330 18:33:43.905"/>
</kw>
<if>
<branch type="IF" condition="${contains}">
<kw name="Click Element" library="SeleniumLibrary">
<arg>${navigation_link}</arg>
<doc>Click the element identified by ``locator``.</doc>
<msg timestamp="20230330 18:33:43.905" level="INFO">Clicking element '&lt;selenium.webdriver.remote.webelement.WebElement (session="f2bfc31a3d130c3ef7f1405bc97cca85", element="efe4c468-9b4c-4b53-8968-454585b39051")&gt;'.</msg>
<status status="PASS" starttime="20230330 18:33:43.905" endtime="20230330 18:33:44.145"/>
</kw>
<break>
<status status="PASS" starttime="20230330 18:33:44.145" endtime="20230330 18:33:44.145"/>
</break>
<status status="PASS" starttime="20230330 18:33:43.905" endtime="20230330 18:33:44.145"/>
</branch>
<status status="PASS" starttime="20230330 18:33:43.905" endtime="20230330 18:33:44.145"/>
</if>
<status status="PASS" starttime="20230330 18:33:43.896" endtime="20230330 18:33:44.145"/>
</iter>
<status status="PASS" starttime="20230330 18:33:43.838" endtime="20230330 18:33:44.145"/>
</for>
<status status="PASS" starttime="20230330 18:33:43.822" endtime="20230330 18:33:44.146"/>
</kw>
<kw name="Switch To Tab" library="common">
<arg>1</arg>
<kw name="Get Window Handles" library="SeleniumLibrary">
<var>${window_ids}</var>
<doc>Returns all child window handles of the selected browser as a list.</doc>
<msg timestamp="20230330 18:33:44.155" level="INFO">${window_ids} = ['299CFE6E3A3B0996A1F1CA37C02863C1', '3C049E74D57305BC21E9F5D6A7FF3157']</msg>
<status status="PASS" starttime="20230330 18:33:44.147" endtime="20230330 18:33:44.155"/>
</kw>
<kw name="Switch Window" library="SeleniumLibrary">
<arg>${window_ids}[${tab_index}]</arg>
<doc>Switches to browser window matching ``locator``.</doc>
<status status="PASS" starttime="20230330 18:33:44.155" endtime="20230330 18:33:44.219"/>
</kw>
<status status="PASS" starttime="20230330 18:33:44.146" endtime="20230330 18:33:44.219"/>
</kw>
<kw name="Location Should Contain" library="SeleniumLibrary">
<arg>https://careers.mediamarktsaturn.com/</arg>
<doc>Verifies that the current URL contains ``expected``.</doc>
<msg timestamp="20230330 18:33:44.959" level="INFO">Current location contains 'https://careers.mediamarktsaturn.com/'.</msg>
<status status="PASS" starttime="20230330 18:33:44.219" endtime="20230330 18:33:44.960"/>
</kw>
<kw name="Common Test Teardown" library="base_test" type="TEARDOWN">
<kw name="Close All Browsers" library="SeleniumLibrary">
<doc>Closes all open browsers and resets the browser cache.</doc>
<status status="PASS" starttime="20230330 18:33:44.960" endtime="20230330 18:33:47.081"/>
</kw>
<status status="PASS" starttime="20230330 18:33:44.960" endtime="20230330 18:33:47.081"/>
</kw>
<status status="PASS" starttime="20230330 18:33:41.034" endtime="20230330 18:33:47.082"/>
</test>
<status status="PASS" starttime="20230330 18:33:12.152" endtime="20230330 18:33:47.083"/>
</suite>
<statistics>
<total>
<stat pass="3" fail="0" skip="0">All Tests</stat>
</total>
<tag>
<stat pass="1" fail="0" skip="0">functional_test</stat>
<stat pass="1" fail="0" skip="0">high_priority</stat>
</tag>
<suite>
<stat pass="3" fail="0" skip="0" id="s1" name="Login Tests">Login Tests</stat>
</suite>
</statistics>
<errors>
<msg timestamp="20230330 18:33:12.298" level="WARN">Imported resource file 'C:\Users\KissBalázs\Desktop\robot\mediamarkt_test\keywords\home_keywords.robot' is empty.</msg>
</errors>
</robot>
